[     167ms] [INFO] %cDownload the React DevTools for a better development experience: https://react.dev/link/react-devtools font-weight:bold @ http://localhost:3000/_next/static/chunks/12305_next_dist_compiled_react-dom_ece3626f._.js:14537
[     198ms] [LOG] %c >> query #1 %cworkflow.isEnabled%c %O 
    background-color: #72e3ff;
    color: black;
    padding: 2px;
   
    background-color: #72e3ff;
    color: black;
    padding: 2px;
  ; font-weight: bold; 
    background-color: #72e3ff;
    color: black;
    padding: 2px;
  ; font-weight: normal; {input: undefined, context: Object} @ http://localhost:3000/_next/static/chunks/node_modules__pnpm_23716680._.js:2472
[     724ms] [LOG] %c << query #1 %cworkflow.isEnabled%c %O 
    background-color: #3fb0d8;
    color: white;
    padding: 2px;
   
    background-color: #3fb0d8;
    color: white;
    padding: 2px;
  ; font-weight: bold; 
    background-color: #3fb0d8;
    color: white;
    padding: 2px;
  ; font-weight: normal; {input: undefined, result: Object, elapsedMs: 526, context: Object} @ http://localhost:3000/_next/static/chunks/node_modules__pnpm_23716680._.js:2472
[    8676ms] [LOG] [Fast Refresh] rebuilding @ http://localhost:3000/_next/static/chunks/12305_next_dist_client_12895ae8._.js:5956
[    8683ms] [LOG] [Fast Refresh] done in 107ms @ http://localhost:3000/_next/static/chunks/12305_next_dist_client_12895ae8._.js:5816
[   29834ms] [LOG] %c >> mutation #2 %cworkflow.importRepo%c %O 
    background-color: #c5a3fc;
    color: black;
    padding: 2px;
   
    background-color: #c5a3fc;
    color: black;
    padding: 2px;
  ; font-weight: bold; 
    background-color: #c5a3fc;
    color: black;
    padding: 2px;
  ; font-weight: normal; {input: Object, context: Object} @ http://localhost:3000/_next/static/chunks/node_modules__pnpm_23716680._.js:2472
[   30961ms] [LOG] %c << mutation #2 %cworkflow.importRepo%c %O 
    background-color: #904dfc;
    color: white;
    padding: 2px;
   
    background-color: #904dfc;
    color: white;
    padding: 2px;
  ; font-weight: bold; 
    background-color: #904dfc;
    color: white;
    padding: 2px;
  ; font-weight: normal; {input: Object, result: Object, elapsedMs: 1126, context: Object} @ http://localhost:3000/_next/static/chunks/node_modules__pnpm_23716680._.js:2472
[   30962ms] [LOG] %c >> query #3 %cworkflow.getSandboxFiles%c %O 
    background-color: #72e3ff;
    color: black;
    padding: 2px;
   
    background-color: #72e3ff;
    color: black;
    padding: 2px;
  ; font-weight: bold; 
    background-color: #72e3ff;
    color: black;
    padding: 2px;
  ; font-weight: normal; {input: Object, context: Object} @ http://localhost:3000/_next/static/chunks/node_modules__pnpm_23716680._.js:2472
[   31550ms] [LOG] %c << query #3 %cworkflow.getSandboxFiles%c %O 
    background-color: #3fb0d8;
    color: white;
    padding: 2px;
   
    background-color: #3fb0d8;
    color: white;
    padding: 2px;
  ; font-weight: bold; 
    background-color: #3fb0d8;
    color: white;
    padding: 2px;
  ; font-weight: normal; {input: Object, result: Object, elapsedMs: 588, context: Object} @ http://localhost:3000/_next/static/chunks/node_modules__pnpm_23716680._.js:2472
[  116144ms] [LOG] [Fast Refresh] rebuilding @ http://localhost:3000/_next/static/chunks/12305_next_dist_client_12895ae8._.js:5956
[  116231ms] [LOG] %c >> query #4 %cworkflow.isEnabled%c %O 
    background-color: #72e3ff;
    color: black;
    padding: 2px;
   
    background-color: #72e3ff;
    color: black;
    padding: 2px;
  ; font-weight: bold; 
    background-color: #72e3ff;
    color: black;
    padding: 2px;
  ; font-weight: normal; {input: undefined, context: Object} @ http://localhost:3000/_next/static/chunks/node_modules__pnpm_23716680._.js:2472
[  116242ms] [LOG] [Fast Refresh] done in 179ms @ http://localhost:3000/_next/static/chunks/12305_next_dist_client_12895ae8._.js:5816
[  116853ms] [LOG] %c << query #4 %cworkflow.isEnabled%c %O 
    background-color: #3fb0d8;
    color: white;
    padding: 2px;
   
    background-color: #3fb0d8;
    color: white;
    padding: 2px;
  ; font-weight: bold; 
    background-color: #3fb0d8;
    color: white;
    padding: 2px;
  ; font-weight: normal; {input: undefined, result: Object, elapsedMs: 619, context: Object} @ http://localhost:3000/_next/static/chunks/node_modules__pnpm_23716680._.js:2472
