[     376ms] [INFO] %cDownload the React DevTools for a better development experience: https://react.dev/link/react-devtools font-weight:bold @ http://localhost:3000/_next/static/chunks/12305_next_dist_compiled_react-dom_ece3626f._.js:14537
[     504ms] [LOG] %c >> query #1 %cworkflow.isEnabled%c %O 
    background-color: #72e3ff;
    color: black;
    padding: 2px;
   
    background-color: #72e3ff;
    color: black;
    padding: 2px;
  ; font-weight: bold; 
    background-color: #72e3ff;
    color: black;
    padding: 2px;
  ; font-weight: normal; {input: undefined, context: Object} @ http://localhost:3000/_next/static/chunks/node_modules__pnpm_23716680._.js:2472
[    1083ms] [LOG] %c << query #1 %cworkflow.isEnabled%c %O 
    background-color: #3fb0d8;
    color: white;
    padding: 2px;
   
    background-color: #3fb0d8;
    color: white;
    padding: 2px;
  ; font-weight: bold; 
    background-color: #3fb0d8;
    color: white;
    padding: 2px;
  ; font-weight: normal; {input: undefined, result: Object, elapsedMs: 578, context: Object} @ http://localhost:3000/_next/static/chunks/node_modules__pnpm_23716680._.js:2472
